{
  "RSpec": {
    "coverage": {
      "/Users/michaelkuhlmeier/turing_work/3mod/projects/sweater_weather/config/environment.rb": {
        "lines": [
          null,
          1,
          null,
          null,
          1
        ]
      },
      "/Users/michaelkuhlmeier/turing_work/3mod/projects/sweater_weather/config/application.rb": {
        "lines": [
          1,
          null,
          1,
          null,
          1,
          1,
          1,
          1,
          1,
          1,
          1,
          1,
          1,
          1,
          null,
          null,
          null,
          null,
          1,
          null,
          1,
          1,
          null,
          1,
          null,
          null,
          null,
          null,
          1,
          null,
          null,
          null,
          null,
          null,
          null,
          null,
          null,
          null,
          null,
          null,
          null,
          1,
          null,
          null
        ]
      },
      "/Users/michaelkuhlmeier/turing_work/3mod/projects/sweater_weather/config/boot.rb": {
        "lines": [
          1,
          null,
          1,
          1
        ]
      },
      "/Users/michaelkuhlmeier/turing_work/3mod/projects/sweater_weather/config/environments/test.rb": {
        "lines": [
          1,
          null,
          null,
          null,
          null,
          null,
          null,
          1,
          null,
          null,
          null,
          1,
          null,
          null,
          null,
          null,
          null,
          1,
          null,
          null,
          1,
          1,
          null,
          null,
          null,
          null,
          1,
          1,
          1,
          null,
          null,
          1,
          null,
          null,
          1,
          null,
          null,
          1,
          null,
          1,
          null,
          null,
          null,
          null,
          1,
          null,
          null,
          1,
          null,
          null,
          1,
          null,
          null,
          1,
          null,
          null,
          null,
          null,
          null,
          null,
          null,
          null,
          1,
          null
        ]
      },
      "/Users/michaelkuhlmeier/turing_work/3mod/projects/sweater_weather/config/initializers/cors.rb": {
        "lines": [
          null,
          null,
          null,
          null,
          null,
          null,
          null,
          null,
          null,
          null,
          null,
          null,
          null,
          null,
          null,
          null
        ]
      },
      "/Users/michaelkuhlmeier/turing_work/3mod/projects/sweater_weather/config/initializers/filter_parameter_logging.rb": {
        "lines": [
          null,
          null,
          null,
          null,
          null,
          1,
          null,
          null
        ]
      },
      "/Users/michaelkuhlmeier/turing_work/3mod/projects/sweater_weather/config/initializers/inflections.rb": {
        "lines": [
          null,
          null,
          null,
          null,
          null,
          null,
          null,
          null,
          null,
          null,
          null,
          null,
          null,
          null,
          null,
          null
        ]
      },
      "/Users/michaelkuhlmeier/turing_work/3mod/projects/sweater_weather/config/routes.rb": {
        "lines": [
          1,
          null,
          null,
          null,
          null,
          1,
          null,
          null,
          null,
          null,
          1,
          null
        ]
      },
      "/Users/michaelkuhlmeier/turing_work/3mod/projects/sweater_weather/spec/poros/forecast_spec.rb": {
        "lines": [
          1,
          null,
          1,
          1,
          1,
          1,
          1,
          null,
          1,
          null,
          1,
          1,
          1,
          8,
          null,
          null,
          1,
          1,
          1,
          5,
          5,
          5,
          5,
          5,
          5,
          5,
          5,
          5,
          5,
          5,
          5,
          5,
          5,
          5,
          5,
          null,
          null,
          1,
          1,
          1,
          24,
          24,
          24,
          24,
          24,
          24,
          24,
          24,
          24,
          24,
          null,
          null,
          null
        ]
      },
      "/Users/michaelkuhlmeier/turing_work/3mod/projects/sweater_weather/app/poros/forecast.rb": {
        "lines": [
          1,
          1,
          null,
          null,
          null,
          1,
          2,
          2,
          2,
          2,
          null,
          null
        ]
      },
      "/Users/michaelkuhlmeier/turing_work/3mod/projects/sweater_weather/spec/requests/api/v0/forecasts/show_spec.rb": {
        "lines": [

        ]
      },
      "/Users/michaelkuhlmeier/turing_work/3mod/projects/sweater_weather/spec/services/mapquest_service_spec.rb": {
        "lines": [
          1,
          null,
          1,
          1,
          1,
          null,
          1,
          1,
          1,
          1,
          1,
          1,
          null,
          null,
          null
        ]
      },
      "/Users/michaelkuhlmeier/turing_work/3mod/projects/sweater_weather/spec/services/weather_service_spec.rb": {
        "lines": [
          1,
          null,
          1,
          1,
          1,
          null,
          1,
          null,
          1,
          1,
          1,
          1,
          1,
          1,
          1,
          1,
          1,
          1,
          1,
          1,
          1,
          1,
          1,
          1,
          1,
          1,
          1,
          null,
          1,
          1,
          1,
          1,
          5,
          5,
          5,
          5,
          5,
          5,
          5,
          5,
          5,
          5,
          5,
          5,
          5,
          5,
          5,
          5,
          null,
          null,
          1,
          1,
          1,
          1,
          24,
          24,
          24,
          24,
          24,
          24,
          24,
          24,
          24,
          24,
          null,
          null,
          null
        ]
      },
      "/Users/michaelkuhlmeier/turing_work/3mod/projects/sweater_weather/app/facades/forecast_facade.rb": {
        "lines": [
          1,
          null,
          1,
          1,
          1,
          1,
          null,
          null,
          null
        ]
      },
      "/Users/michaelkuhlmeier/turing_work/3mod/projects/sweater_weather/app/services/mapquest_service.rb": {
        "lines": [
          1,
          null,
          1,
          3,
          null,
          null,
          1,
          0,
          0,
          null,
          null,
          1,
          3,
          3,
          3,
          null,
          null,
          null
        ]
      },
      "/Users/michaelkuhlmeier/turing_work/3mod/projects/sweater_weather/app/services/weather_service.rb": {
        "lines": [
          1,
          null,
          1,
          3,
          null,
          null,
          1,
          3,
          3,
          3,
          null,
          null,
          1,
          3,
          3,
          3,
          null,
          3,
          null,
          null,
          null,
          null,
          null,
          null,
          null,
          null,
          null,
          null,
          15,
          15,
          null,
          15,
          null,
          null,
          null,
          null,
          null,
          null,
          null,
          null,
          null,
          null,
          72,
          null,
          null,
          null,
          null,
          null,
          null,
          null,
          null
        ]
      }
    },
    "timestamp": 1705259598
  }
}
